<?xml version="1.0" encoding="UTF-8"?>
<testsuite xmlns:xsi="http://www.w3.org/2001/XMLSchema-instance" xsi:noNamespaceSchemaLocation="https://maven.apache.org/surefire/maven-surefire-plugin/xsd/surefire-test-report-3.0.xsd" version="3.0" name="TestSuite" time="7.07" tests="3" errors="0" skipped="0" failures="1">
  <properties>
    <property name="java.specification.version" value="20"/>
    <property name="webdriver.chrome.driver" value="/Users/dario.guardia/.cache/selenium/chromedriver/mac-arm64/114.0.5735.90/chromedriver"/>
    <property name="sun.jnu.encoding" value="UTF-8"/>
    <property name="java.class.path" value="/Users/dario.guardia/Documents/repos/demo/target/test-classes:/Users/dario.guardia/Documents/repos/demo/target/classes:/Users/dario.guardia/.m2/repository/io/github/bonigarcia/webdrivermanager/5.4.0/webdrivermanager-5.4.0.jar:/Users/dario.guardia/.m2/repository/org/slf4j/slf4j-api/2.0.7/slf4j-api-2.0.7.jar:/Users/dario.guardia/.m2/repository/com/google/code/gson/gson/2.10.1/gson-2.10.1.jar:/Users/dario.guardia/.m2/repository/com/github/docker-java/docker-java/3.3.1/docker-java-3.3.1.jar:/Users/dario.guardia/.m2/repository/com/github/docker-java/docker-java-core/3.3.1/docker-java-core-3.3.1.jar:/Users/dario.guardia/.m2/repository/com/github/docker-java/docker-java-api/3.3.1/docker-java-api-3.3.1.jar:/Users/dario.guardia/.m2/repository/com/fasterxml/jackson/core/jackson-annotations/2.10.3/jackson-annotations-2.10.3.jar:/Users/dario.guardia/.m2/repository/com/fasterxml/jackson/core/jackson-databind/2.10.3/jackson-databind-2.10.3.jar:/Users/dario.guardia/.m2/repository/com/fasterxml/jackson/core/jackson-core/2.10.3/jackson-core-2.10.3.jar:/Users/dario.guardia/.m2/repository/org/bouncycastle/bcpkix-jdk15on/1.64/bcpkix-jdk15on-1.64.jar:/Users/dario.guardia/.m2/repository/org/bouncycastle/bcprov-jdk15on/1.64/bcprov-jdk15on-1.64.jar:/Users/dario.guardia/.m2/repository/org/slf4j/jcl-over-slf4j/1.7.30/jcl-over-slf4j-1.7.30.jar:/Users/dario.guardia/.m2/repository/com/github/docker-java/docker-java-transport-httpclient5/3.3.1/docker-java-transport-httpclient5-3.3.1.jar:/Users/dario.guardia/.m2/repository/com/github/docker-java/docker-java-transport/3.3.1/docker-java-transport-3.3.1.jar:/Users/dario.guardia/.m2/repository/net/java/dev/jna/jna/5.12.1/jna-5.12.1.jar:/Users/dario.guardia/.m2/repository/org/brotli/dec/0.1.2/dec-0.1.2.jar:/Users/dario.guardia/.m2/repository/org/apache/commons/commons-lang3/3.12.0/commons-lang3-3.12.0.jar:/Users/dario.guardia/.m2/repository/org/apache/httpcomponents/client5/httpclient5/5.2.1/httpclient5-5.2.1.jar:/Users/dario.guardia/.m2/repository/org/apache/httpcomponents/core5/httpcore5/5.2/httpcore5-5.2.jar:/Users/dario.guardia/.m2/repository/org/apache/httpcomponents/core5/httpcore5-h2/5.2/httpcore5-h2-5.2.jar:/Users/dario.guardia/.m2/repository/org/testng/testng/7.7.1/testng-7.7.1.jar:/Users/dario.guardia/.m2/repository/com/beust/jcommander/1.82/jcommander-1.82.jar:/Users/dario.guardia/.m2/repository/org/webjars/jquery/3.6.1/jquery-3.6.1.jar:/Users/dario.guardia/.m2/repository/org/apache/maven/plugins/maven-dependency-plugin/3.6.0/maven-dependency-plugin-3.6.0.jar:/Users/dario.guardia/.m2/repository/org/apache/maven/doxia/doxia-sink-api/1.11.1/doxia-sink-api-1.11.1.jar:/Users/dario.guardia/.m2/repository/org/apache/maven/doxia/doxia-logging-api/1.11.1/doxia-logging-api-1.11.1.jar:/Users/dario.guardia/.m2/repository/org/apache/maven/reporting/maven-reporting-api/3.1.1/maven-reporting-api-3.1.1.jar:/Users/dario.guardia/.m2/repository/org/apache/maven/reporting/maven-reporting-impl/3.2.0/maven-reporting-impl-3.2.0.jar:/Users/dario.guardia/.m2/repository/org/apache/maven/maven-core/3.1.0/maven-core-3.1.0.jar:/Users/dario.guardia/.m2/repository/org/apache/maven/maven-settings/3.1.0/maven-settings-3.1.0.jar:/Users/dario.guardia/.m2/repository/org/apache/maven/maven-settings-builder/3.1.0/maven-settings-builder-3.1.0.jar:/Users/dario.guardia/.m2/repository/org/apache/maven/maven-repository-metadata/3.1.0/maven-repository-metadata-3.1.0.jar:/Users/dario.guardia/.m2/repository/org/apache/maven/maven-model-builder/3.1.0/maven-model-builder-3.1.0.jar:/Users/dario.guardia/.m2/repository/org/apache/maven/maven-aether-provider/3.1.0/maven-aether-provider-3.1.0.jar:/Users/dario.guardia/.m2/repository/org/eclipse/aether/aether-spi/0.9.0.M2/aether-spi-0.9.0.M2.jar:/Users/dario.guardia/.m2/repository/org/eclipse/aether/aether-impl/0.9.0.M2/aether-impl-0.9.0.M2.jar:/Users/dario.guardia/.m2/repository/org/eclipse/aether/aether-api/0.9.0.M2/aether-api-0.9.0.M2.jar:/Users/dario.guardia/.m2/repository/org/eclipse/sisu/org.eclipse.sisu.plexus/0.0.0.M2a/org.eclipse.sisu.plexus-0.0.0.M2a.jar:/Users/dario.guardia/.m2/repository/javax/enterprise/cdi-api/1.0/cdi-api-1.0.jar:/Users/dario.guardia/.m2/repository/javax/annotation/jsr250-api/1.0/jsr250-api-1.0.jar:/Users/dario.guardia/.m2/repository/org/sonatype/sisu/sisu-guice/3.1.0/sisu-guice-3.1.0-no_aop.jar:/Users/dario.guardia/.m2/repository/aopalliance/aopalliance/1.0/aopalliance-1.0.jar:/Users/dario.guardia/.m2/repository/org/eclipse/sisu/org.eclipse.sisu.inject/0.0.0.M2a/org.eclipse.sisu.inject-0.0.0.M2a.jar:/Users/dario.guardia/.m2/repository/asm/asm/3.3.1/asm-3.3.1.jar:/Users/dario.guardia/.m2/repository/org/codehaus/plexus/plexus-interpolation/1.16/plexus-interpolation-1.16.jar:/Users/dario.guardia/.m2/repository/org/codehaus/plexus/plexus-classworlds/2.4.2/plexus-classworlds-2.4.2.jar:/Users/dario.guardia/.m2/repository/org/sonatype/plexus/plexus-sec-dispatcher/1.3/plexus-sec-dispatcher-1.3.jar:/Users/dario.guardia/.m2/repository/org/sonatype/plexus/plexus-cipher/1.4/plexus-cipher-1.4.jar:/Users/dario.guardia/.m2/repository/org/apache/maven/maven-artifact/3.1.0/maven-artifact-3.1.0.jar:/Users/dario.guardia/.m2/repository/org/apache/maven/maven-plugin-api/3.1.0/maven-plugin-api-3.1.0.jar:/Users/dario.guardia/.m2/repository/org/apache/maven/doxia/doxia-decoration-model/1.11.1/doxia-decoration-model-1.11.1.jar:/Users/dario.guardia/.m2/repository/org/apache/maven/doxia/doxia-core/1.11.1/doxia-core-1.11.1.jar:/Users/dario.guardia/.m2/repository/org/apache/commons/commons-text/1.3/commons-text-1.3.jar:/Users/dario.guardia/.m2/repository/org/apache/httpcomponents/httpclient/4.5.13/httpclient-4.5.13.jar:/Users/dario.guardia/.m2/repository/commons-logging/commons-logging/1.2/commons-logging-1.2.jar:/Users/dario.guardia/.m2/repository/commons-codec/commons-codec/1.11/commons-codec-1.11.jar:/Users/dario.guardia/.m2/repository/org/apache/httpcomponents/httpcore/4.4.14/httpcore-4.4.14.jar:/Users/dario.guardia/.m2/repository/org/apache/maven/doxia/doxia-integration-tools/1.11.1/doxia-integration-tools-1.11.1.jar:/Users/dario.guardia/.m2/repository/org/apache/maven/doxia/doxia-site-renderer/1.11.1/doxia-site-renderer-1.11.1.jar:/Users/dario.guardia/.m2/repository/org/apache/maven/doxia/doxia-skin-model/1.11.1/doxia-skin-model-1.11.1.jar:/Users/dario.guardia/.m2/repository/org/apache/maven/doxia/doxia-module-xhtml/1.11.1/doxia-module-xhtml-1.11.1.jar:/Users/dario.guardia/.m2/repository/org/apache/maven/doxia/doxia-module-xhtml5/1.11.1/doxia-module-xhtml5-1.11.1.jar:/Users/dario.guardia/.m2/repository/org/codehaus/plexus/plexus-velocity/1.2/plexus-velocity-1.2.jar:/Users/dario.guardia/.m2/repository/org/apache/velocity/velocity/1.7/velocity-1.7.jar:/Users/dario.guardia/.m2/repository/commons-lang/commons-lang/2.4/commons-lang-2.4.jar:/Users/dario.guardia/.m2/repository/org/apache/velocity/velocity-tools/2.0/velocity-tools-2.0.jar:/Users/dario.guardia/.m2/repository/commons-beanutils/commons-beanutils/1.7.0/commons-beanutils-1.7.0.jar:/Users/dario.guardia/.m2/repository/commons-digester/commons-digester/1.8/commons-digester-1.8.jar:/Users/dario.guardia/.m2/repository/commons-chain/commons-chain/1.1/commons-chain-1.1.jar:/Users/dario.guardia/.m2/repository/dom4j/dom4j/1.1/dom4j-1.1.jar:/Users/dario.guardia/.m2/repository/oro/oro/2.0.8/oro-2.0.8.jar:/Users/dario.guardia/.m2/repository/commons-collections/commons-collections/3.2.2/commons-collections-3.2.2.jar:/Users/dario.guardia/.m2/repository/commons-io/commons-io/2.11.0/commons-io-2.11.0.jar:/Users/dario.guardia/.m2/repository/org/codehaus/plexus/plexus-archiver/4.7.1/plexus-archiver-4.7.1.jar:/Users/dario.guardia/.m2/repository/javax/inject/javax.inject/1/javax.inject-1.jar:/Users/dario.guardia/.m2/repository/org/apache/commons/commons-compress/1.23.0/commons-compress-1.23.0.jar:/Users/dario.guardia/.m2/repository/org/iq80/snappy/snappy/0.4/snappy-0.4.jar:/Users/dario.guardia/.m2/repository/org/tukaani/xz/1.9/xz-1.9.jar:/Users/dario.guardia/.m2/repository/com/github/luben/zstd-jni/1.5.5-2/zstd-jni-1.5.5-2.jar:/Users/dario.guardia/.m2/repository/org/codehaus/plexus/plexus-utils/3.5.1/plexus-utils-3.5.1.jar:/Users/dario.guardia/.m2/repository/org/codehaus/plexus/plexus-io/3.4.1/plexus-io-3.4.1.jar:/Users/dario.guardia/.m2/repository/org/codehaus/plexus/plexus-i18n/1.0-beta-10/plexus-i18n-1.0-beta-10.jar:/Users/dario.guardia/.m2/repository/org/apache/maven/shared/maven-dependency-analyzer/1.13.2/maven-dependency-analyzer-1.13.2.jar:/Users/dario.guardia/.m2/repository/org/apache/maven/maven-model/3.2.5/maven-model-3.2.5.jar:/Users/dario.guardia/.m2/repository/org/ow2/asm/asm/9.5/asm-9.5.jar:/Users/dario.guardia/.m2/repository/org/apache/maven/shared/maven-dependency-tree/3.2.1/maven-dependency-tree-3.2.1.jar:/Users/dario.guardia/.m2/repository/org/eclipse/aether/aether-util/1.0.0.v20140518/aether-util-1.0.0.v20140518.jar:/Users/dario.guardia/.m2/repository/org/apache/maven/shared/maven-common-artifact-filters/3.3.2/maven-common-artifact-filters-3.3.2.jar:/Users/dario.guardia/.m2/repository/org/apache/maven/shared/maven-artifact-transfer/0.13.1/maven-artifact-transfer-0.13.1.jar:/Users/dario.guardia/.m2/repository/org/codehaus/plexus/plexus-component-annotations/2.0.0/plexus-component-annotations-2.0.0.jar:/Users/dario.guardia/.m2/repository/org/apache/maven/shared/maven-shared-utils/3.3.4/maven-shared-utils-3.3.4.jar:/Users/dario.guardia/.m2/repository/org/apache/commons/commons-collections4/4.2/commons-collections4-4.2.jar:/Users/dario.guardia/.m2/repository/org/sonatype/plexus/plexus-build-api/0.0.7/plexus-build-api-0.0.7.jar:/Users/dario.guardia/.m2/repository/org/seleniumhq/selenium/selenium-java/4.5.0/selenium-java-4.5.0.jar:/Users/dario.guardia/.m2/repository/org/seleniumhq/selenium/selenium-api/4.5.0/selenium-api-4.5.0.jar:/Users/dario.guardia/.m2/repository/org/seleniumhq/selenium/selenium-chrome-driver/4.5.0/selenium-chrome-driver-4.5.0.jar:/Users/dario.guardia/.m2/repository/org/seleniumhq/selenium/selenium-chromium-driver/4.5.0/selenium-chromium-driver-4.5.0.jar:/Users/dario.guardia/.m2/repository/org/seleniumhq/selenium/selenium-devtools-v104/4.5.0/selenium-devtools-v104-4.5.0.jar:/Users/dario.guardia/.m2/repository/org/seleniumhq/selenium/selenium-devtools-v105/4.5.0/selenium-devtools-v105-4.5.0.jar:/Users/dario.guardia/.m2/repository/org/seleniumhq/selenium/selenium-devtools-v106/4.5.0/selenium-devtools-v106-4.5.0.jar:/Users/dario.guardia/.m2/repository/org/seleniumhq/selenium/selenium-devtools-v85/4.5.0/selenium-devtools-v85-4.5.0.jar:/Users/dario.guardia/.m2/repository/org/seleniumhq/selenium/selenium-edge-driver/4.5.0/selenium-edge-driver-4.5.0.jar:/Users/dario.guardia/.m2/repository/org/seleniumhq/selenium/selenium-firefox-driver/4.5.0/selenium-firefox-driver-4.5.0.jar:/Users/dario.guardia/.m2/repository/org/seleniumhq/selenium/selenium-ie-driver/4.5.0/selenium-ie-driver-4.5.0.jar:/Users/dario.guardia/.m2/repository/org/seleniumhq/selenium/selenium-remote-driver/4.5.0/selenium-remote-driver-4.5.0.jar:/Users/dario.guardia/.m2/repository/io/netty/netty-buffer/4.1.79.Final/netty-buffer-4.1.79.Final.jar:/Users/dario.guardia/.m2/repository/io/netty/netty-codec-http/4.1.79.Final/netty-codec-http-4.1.79.Final.jar:/Users/dario.guardia/.m2/repository/io/netty/netty-codec/4.1.79.Final/netty-codec-4.1.79.Final.jar:/Users/dario.guardia/.m2/repository/io/netty/netty-handler/4.1.79.Final/netty-handler-4.1.79.Final.jar:/Users/dario.guardia/.m2/repository/io/netty/netty-common/4.1.79.Final/netty-common-4.1.79.Final.jar:/Users/dario.guardia/.m2/repository/io/netty/netty-transport-classes-epoll/4.1.79.Final/netty-transport-classes-epoll-4.1.79.Final.jar:/Users/dario.guardia/.m2/repository/io/netty/netty-transport-classes-kqueue/4.1.79.Final/netty-transport-classes-kqueue-4.1.79.Final.jar:/Users/dario.guardia/.m2/repository/io/netty/netty-transport-native-epoll/4.1.79.Final/netty-transport-native-epoll-4.1.79.Final.jar:/Users/dario.guardia/.m2/repository/io/netty/netty-transport-native-kqueue/4.1.79.Final/netty-transport-native-kqueue-4.1.79.Final.jar:/Users/dario.guardia/.m2/repository/io/netty/netty-transport-native-unix-common/4.1.79.Final/netty-transport-native-unix-common-4.1.79.Final.jar:/Users/dario.guardia/.m2/repository/io/netty/netty-transport/4.1.79.Final/netty-transport-4.1.79.Final.jar:/Users/dario.guardia/.m2/repository/io/netty/netty-resolver/4.1.79.Final/netty-resolver-4.1.79.Final.jar:/Users/dario.guardia/.m2/repository/io/opentelemetry/opentelemetry-api/1.17.0/opentelemetry-api-1.17.0.jar:/Users/dario.guardia/.m2/repository/io/opentelemetry/opentelemetry-context/1.17.0/opentelemetry-context-1.17.0.jar:/Users/dario.guardia/.m2/repository/io/opentelemetry/opentelemetry-exporter-logging/1.17.0/opentelemetry-exporter-logging-1.17.0.jar:/Users/dario.guardia/.m2/repository/io/opentelemetry/opentelemetry-sdk-metrics/1.17.0/opentelemetry-sdk-metrics-1.17.0.jar:/Users/dario.guardia/.m2/repository/io/opentelemetry/opentelemetry-sdk-logs/1.17.0-alpha/opentelemetry-sdk-logs-1.17.0-alpha.jar:/Users/dario.guardia/.m2/repository/io/opentelemetry/opentelemetry-sdk-common/1.17.0/opentelemetry-sdk-common-1.17.0.jar:/Users/dario.guardia/.m2/repository/io/opentelemetry/opentelemetry-sdk-extension-autoconfigure-spi/1.17.0/opentelemetry-sdk-extension-autoconfigure-spi-1.17.0.jar:/Users/dario.guardia/.m2/repository/io/opentelemetry/opentelemetry-sdk-extension-autoconfigure/1.17.0-alpha/opentelemetry-sdk-extension-autoconfigure-1.17.0-alpha.jar:/Users/dario.guardia/.m2/repository/io/opentelemetry/opentelemetry-exporter-common/1.17.0/opentelemetry-exporter-common-1.17.0.jar:/Users/dario.guardia/.m2/repository/io/opentelemetry/opentelemetry-sdk-trace/1.17.0/opentelemetry-sdk-trace-1.17.0.jar:/Users/dario.guardia/.m2/repository/io/opentelemetry/opentelemetry-sdk/1.17.0/opentelemetry-sdk-1.17.0.jar:/Users/dario.guardia/.m2/repository/io/opentelemetry/opentelemetry-semconv/1.17.0-alpha/opentelemetry-semconv-1.17.0-alpha.jar:/Users/dario.guardia/.m2/repository/io/ous/jtoml/2.0.0/jtoml-2.0.0.jar:/Users/dario.guardia/.m2/repository/net/bytebuddy/byte-buddy/1.12.14/byte-buddy-1.12.14.jar:/Users/dario.guardia/.m2/repository/org/apache/commons/commons-exec/1.3/commons-exec-1.3.jar:/Users/dario.guardia/.m2/repository/org/asynchttpclient/async-http-client/2.12.3/async-http-client-2.12.3.jar:/Users/dario.guardia/.m2/repository/org/asynchttpclient/async-http-client-netty-utils/2.12.3/async-http-client-netty-utils-2.12.3.jar:/Users/dario.guardia/.m2/repository/io/netty/netty-codec-socks/4.1.60.Final/netty-codec-socks-4.1.60.Final.jar:/Users/dario.guardia/.m2/repository/io/netty/netty-handler-proxy/4.1.60.Final/netty-handler-proxy-4.1.60.Final.jar:/Users/dario.guardia/.m2/repository/io/netty/netty-transport-native-epoll/4.1.60.Final/netty-transport-native-epoll-4.1.60.Final-linux-x86_64.jar:/Users/dario.guardia/.m2/repository/io/netty/netty-transport-native-kqueue/4.1.60.Final/netty-transport-native-kqueue-4.1.60.Final-osx-x86_64.jar:/Users/dario.guardia/.m2/repository/org/reactivestreams/reactive-streams/1.0.3/reactive-streams-1.0.3.jar:/Users/dario.guardia/.m2/repository/com/typesafe/netty/netty-reactive-streams/2.0.4/netty-reactive-streams-2.0.4.jar:/Users/dario.guardia/.m2/repository/com/sun/activation/jakarta.activation/1.2.2/jakarta.activation-1.2.2.jar:/Users/dario.guardia/.m2/repository/org/seleniumhq/selenium/selenium-safari-driver/4.5.0/selenium-safari-driver-4.5.0.jar:/Users/dario.guardia/.m2/repository/org/seleniumhq/selenium/selenium-support/4.5.0/selenium-support-4.5.0.jar:/Users/dario.guardia/.m2/repository/org/seleniumhq/selenium/selenium-http-jdk-client/4.5.0/selenium-http-jdk-client-4.5.0.jar:/Users/dario.guardia/.m2/repository/com/google/auto/service/auto-service-annotations/1.0.1/auto-service-annotations-1.0.1.jar:/Users/dario.guardia/.m2/repository/com/google/auto/service/auto-service/1.0.1/auto-service-1.0.1.jar:/Users/dario.guardia/.m2/repository/com/google/auto/auto-common/1.2/auto-common-1.2.jar:/Users/dario.guardia/.m2/repository/org/seleniumhq/selenium/selenium-http/4.5.0/selenium-http-4.5.0.jar:/Users/dario.guardia/.m2/repository/dev/failsafe/failsafe/3.2.4/failsafe-3.2.4.jar:/Users/dario.guardia/.m2/repository/org/seleniumhq/selenium/selenium-devtools-v112/4.9.0/selenium-devtools-v112-4.9.0.jar:/Users/dario.guardia/.m2/repository/com/google/guava/guava/31.1-jre/guava-31.1-jre.jar:/Users/dario.guardia/.m2/repository/com/google/guava/failureaccess/1.0.1/failureaccess-1.0.1.jar:/Users/dario.guardia/.m2/repository/com/google/guava/listenablefuture/9999.0-empty-to-avoid-conflict-with-guava/listenablefuture-9999.0-empty-to-avoid-conflict-with-guava.jar:/Users/dario.guardia/.m2/repository/com/google/code/findbugs/jsr305/3.0.2/jsr305-3.0.2.jar:/Users/dario.guardia/.m2/repository/org/checkerframework/checker-qual/3.12.0/checker-qual-3.12.0.jar:/Users/dario.guardia/.m2/repository/com/google/errorprone/error_prone_annotations/2.11.0/error_prone_annotations-2.11.0.jar:/Users/dario.guardia/.m2/repository/com/google/j2objc/j2objc-annotations/1.3/j2objc-annotations-1.3.jar:/Users/dario.guardia/.m2/repository/org/seleniumhq/selenium/selenium-json/4.9.0/selenium-json-4.9.0.jar:"/>
    <property name="java.vm.vendor" value="Oracle Corporation"/>
    <property name="sun.arch.data.model" value="64"/>
    <property name="java.vendor.url" value="https://java.oracle.com/"/>
    <property name="user.timezone" value="America/Argentina/La_Rioja"/>
    <property name="os.name" value="Mac OS X"/>
    <property name="java.vm.specification.version" value="20"/>
    <property name="sun.java.launcher" value="SUN_STANDARD"/>
    <property name="user.country" value="AR"/>
    <property name="sun.boot.library.path" value="/Library/Java/JavaVirtualMachines/jdk-20.jdk/Contents/Home/lib"/>
    <property name="sun.java.command" value="/Users/dario.guardia/Documents/repos/demo/target/surefire/surefirebooter-20230630161207865_3.jar /Users/dario.guardia/Documents/repos/demo/target/surefire 2023-06-30T16-12-07_824-jvmRun1 surefire-20230630161207865_1tmp surefire_0-20230630161207865_2tmp"/>
    <property name="http.nonProxyHosts" value="local|*.local|169.254/16|*.169.254/16"/>
    <property name="jdk.debug" value="release"/>
    <property name="surefire.test.class.path" value="/Users/dario.guardia/Documents/repos/demo/target/test-classes:/Users/dario.guardia/Documents/repos/demo/target/classes:/Users/dario.guardia/.m2/repository/io/github/bonigarcia/webdrivermanager/5.4.0/webdrivermanager-5.4.0.jar:/Users/dario.guardia/.m2/repository/org/slf4j/slf4j-api/2.0.7/slf4j-api-2.0.7.jar:/Users/dario.guardia/.m2/repository/com/google/code/gson/gson/2.10.1/gson-2.10.1.jar:/Users/dario.guardia/.m2/repository/com/github/docker-java/docker-java/3.3.1/docker-java-3.3.1.jar:/Users/dario.guardia/.m2/repository/com/github/docker-java/docker-java-core/3.3.1/docker-java-core-3.3.1.jar:/Users/dario.guardia/.m2/repository/com/github/docker-java/docker-java-api/3.3.1/docker-java-api-3.3.1.jar:/Users/dario.guardia/.m2/repository/com/fasterxml/jackson/core/jackson-annotations/2.10.3/jackson-annotations-2.10.3.jar:/Users/dario.guardia/.m2/repository/com/fasterxml/jackson/core/jackson-databind/2.10.3/jackson-databind-2.10.3.jar:/Users/dario.guardia/.m2/repository/com/fasterxml/jackson/core/jackson-core/2.10.3/jackson-core-2.10.3.jar:/Users/dario.guardia/.m2/repository/org/bouncycastle/bcpkix-jdk15on/1.64/bcpkix-jdk15on-1.64.jar:/Users/dario.guardia/.m2/repository/org/bouncycastle/bcprov-jdk15on/1.64/bcprov-jdk15on-1.64.jar:/Users/dario.guardia/.m2/repository/org/slf4j/jcl-over-slf4j/1.7.30/jcl-over-slf4j-1.7.30.jar:/Users/dario.guardia/.m2/repository/com/github/docker-java/docker-java-transport-httpclient5/3.3.1/docker-java-transport-httpclient5-3.3.1.jar:/Users/dario.guardia/.m2/repository/com/github/docker-java/docker-java-transport/3.3.1/docker-java-transport-3.3.1.jar:/Users/dario.guardia/.m2/repository/net/java/dev/jna/jna/5.12.1/jna-5.12.1.jar:/Users/dario.guardia/.m2/repository/org/brotli/dec/0.1.2/dec-0.1.2.jar:/Users/dario.guardia/.m2/repository/org/apache/commons/commons-lang3/3.12.0/commons-lang3-3.12.0.jar:/Users/dario.guardia/.m2/repository/org/apache/httpcomponents/client5/httpclient5/5.2.1/httpclient5-5.2.1.jar:/Users/dario.guardia/.m2/repository/org/apache/httpcomponents/core5/httpcore5/5.2/httpcore5-5.2.jar:/Users/dario.guardia/.m2/repository/org/apache/httpcomponents/core5/httpcore5-h2/5.2/httpcore5-h2-5.2.jar:/Users/dario.guardia/.m2/repository/org/testng/testng/7.7.1/testng-7.7.1.jar:/Users/dario.guardia/.m2/repository/com/beust/jcommander/1.82/jcommander-1.82.jar:/Users/dario.guardia/.m2/repository/org/webjars/jquery/3.6.1/jquery-3.6.1.jar:/Users/dario.guardia/.m2/repository/org/apache/maven/plugins/maven-dependency-plugin/3.6.0/maven-dependency-plugin-3.6.0.jar:/Users/dario.guardia/.m2/repository/org/apache/maven/doxia/doxia-sink-api/1.11.1/doxia-sink-api-1.11.1.jar:/Users/dario.guardia/.m2/repository/org/apache/maven/doxia/doxia-logging-api/1.11.1/doxia-logging-api-1.11.1.jar:/Users/dario.guardia/.m2/repository/org/apache/maven/reporting/maven-reporting-api/3.1.1/maven-reporting-api-3.1.1.jar:/Users/dario.guardia/.m2/repository/org/apache/maven/reporting/maven-reporting-impl/3.2.0/maven-reporting-impl-3.2.0.jar:/Users/dario.guardia/.m2/repository/org/apache/maven/maven-core/3.1.0/maven-core-3.1.0.jar:/Users/dario.guardia/.m2/repository/org/apache/maven/maven-settings/3.1.0/maven-settings-3.1.0.jar:/Users/dario.guardia/.m2/repository/org/apache/maven/maven-settings-builder/3.1.0/maven-settings-builder-3.1.0.jar:/Users/dario.guardia/.m2/repository/org/apache/maven/maven-repository-metadata/3.1.0/maven-repository-metadata-3.1.0.jar:/Users/dario.guardia/.m2/repository/org/apache/maven/maven-model-builder/3.1.0/maven-model-builder-3.1.0.jar:/Users/dario.guardia/.m2/repository/org/apache/maven/maven-aether-provider/3.1.0/maven-aether-provider-3.1.0.jar:/Users/dario.guardia/.m2/repository/org/eclipse/aether/aether-spi/0.9.0.M2/aether-spi-0.9.0.M2.jar:/Users/dario.guardia/.m2/repository/org/eclipse/aether/aether-impl/0.9.0.M2/aether-impl-0.9.0.M2.jar:/Users/dario.guardia/.m2/repository/org/eclipse/aether/aether-api/0.9.0.M2/aether-api-0.9.0.M2.jar:/Users/dario.guardia/.m2/repository/org/eclipse/sisu/org.eclipse.sisu.plexus/0.0.0.M2a/org.eclipse.sisu.plexus-0.0.0.M2a.jar:/Users/dario.guardia/.m2/repository/javax/enterprise/cdi-api/1.0/cdi-api-1.0.jar:/Users/dario.guardia/.m2/repository/javax/annotation/jsr250-api/1.0/jsr250-api-1.0.jar:/Users/dario.guardia/.m2/repository/org/sonatype/sisu/sisu-guice/3.1.0/sisu-guice-3.1.0-no_aop.jar:/Users/dario.guardia/.m2/repository/aopalliance/aopalliance/1.0/aopalliance-1.0.jar:/Users/dario.guardia/.m2/repository/org/eclipse/sisu/org.eclipse.sisu.inject/0.0.0.M2a/org.eclipse.sisu.inject-0.0.0.M2a.jar:/Users/dario.guardia/.m2/repository/asm/asm/3.3.1/asm-3.3.1.jar:/Users/dario.guardia/.m2/repository/org/codehaus/plexus/plexus-interpolation/1.16/plexus-interpolation-1.16.jar:/Users/dario.guardia/.m2/repository/org/codehaus/plexus/plexus-classworlds/2.4.2/plexus-classworlds-2.4.2.jar:/Users/dario.guardia/.m2/repository/org/sonatype/plexus/plexus-sec-dispatcher/1.3/plexus-sec-dispatcher-1.3.jar:/Users/dario.guardia/.m2/repository/org/sonatype/plexus/plexus-cipher/1.4/plexus-cipher-1.4.jar:/Users/dario.guardia/.m2/repository/org/apache/maven/maven-artifact/3.1.0/maven-artifact-3.1.0.jar:/Users/dario.guardia/.m2/repository/org/apache/maven/maven-plugin-api/3.1.0/maven-plugin-api-3.1.0.jar:/Users/dario.guardia/.m2/repository/org/apache/maven/doxia/doxia-decoration-model/1.11.1/doxia-decoration-model-1.11.1.jar:/Users/dario.guardia/.m2/repository/org/apache/maven/doxia/doxia-core/1.11.1/doxia-core-1.11.1.jar:/Users/dario.guardia/.m2/repository/org/apache/commons/commons-text/1.3/commons-text-1.3.jar:/Users/dario.guardia/.m2/repository/org/apache/httpcomponents/httpclient/4.5.13/httpclient-4.5.13.jar:/Users/dario.guardia/.m2/repository/commons-logging/commons-logging/1.2/commons-logging-1.2.jar:/Users/dario.guardia/.m2/repository/commons-codec/commons-codec/1.11/commons-codec-1.11.jar:/Users/dario.guardia/.m2/repository/org/apache/httpcomponents/httpcore/4.4.14/httpcore-4.4.14.jar:/Users/dario.guardia/.m2/repository/org/apache/maven/doxia/doxia-integration-tools/1.11.1/doxia-integration-tools-1.11.1.jar:/Users/dario.guardia/.m2/repository/org/apache/maven/doxia/doxia-site-renderer/1.11.1/doxia-site-renderer-1.11.1.jar:/Users/dario.guardia/.m2/repository/org/apache/maven/doxia/doxia-skin-model/1.11.1/doxia-skin-model-1.11.1.jar:/Users/dario.guardia/.m2/repository/org/apache/maven/doxia/doxia-module-xhtml/1.11.1/doxia-module-xhtml-1.11.1.jar:/Users/dario.guardia/.m2/repository/org/apache/maven/doxia/doxia-module-xhtml5/1.11.1/doxia-module-xhtml5-1.11.1.jar:/Users/dario.guardia/.m2/repository/org/codehaus/plexus/plexus-velocity/1.2/plexus-velocity-1.2.jar:/Users/dario.guardia/.m2/repository/org/apache/velocity/velocity/1.7/velocity-1.7.jar:/Users/dario.guardia/.m2/repository/commons-lang/commons-lang/2.4/commons-lang-2.4.jar:/Users/dario.guardia/.m2/repository/org/apache/velocity/velocity-tools/2.0/velocity-tools-2.0.jar:/Users/dario.guardia/.m2/repository/commons-beanutils/commons-beanutils/1.7.0/commons-beanutils-1.7.0.jar:/Users/dario.guardia/.m2/repository/commons-digester/commons-digester/1.8/commons-digester-1.8.jar:/Users/dario.guardia/.m2/repository/commons-chain/commons-chain/1.1/commons-chain-1.1.jar:/Users/dario.guardia/.m2/repository/dom4j/dom4j/1.1/dom4j-1.1.jar:/Users/dario.guardia/.m2/repository/oro/oro/2.0.8/oro-2.0.8.jar:/Users/dario.guardia/.m2/repository/commons-collections/commons-collections/3.2.2/commons-collections-3.2.2.jar:/Users/dario.guardia/.m2/repository/commons-io/commons-io/2.11.0/commons-io-2.11.0.jar:/Users/dario.guardia/.m2/repository/org/codehaus/plexus/plexus-archiver/4.7.1/plexus-archiver-4.7.1.jar:/Users/dario.guardia/.m2/repository/javax/inject/javax.inject/1/javax.inject-1.jar:/Users/dario.guardia/.m2/repository/org/apache/commons/commons-compress/1.23.0/commons-compress-1.23.0.jar:/Users/dario.guardia/.m2/repository/org/iq80/snappy/snappy/0.4/snappy-0.4.jar:/Users/dario.guardia/.m2/repository/org/tukaani/xz/1.9/xz-1.9.jar:/Users/dario.guardia/.m2/repository/com/github/luben/zstd-jni/1.5.5-2/zstd-jni-1.5.5-2.jar:/Users/dario.guardia/.m2/repository/org/codehaus/plexus/plexus-utils/3.5.1/plexus-utils-3.5.1.jar:/Users/dario.guardia/.m2/repository/org/codehaus/plexus/plexus-io/3.4.1/plexus-io-3.4.1.jar:/Users/dario.guardia/.m2/repository/org/codehaus/plexus/plexus-i18n/1.0-beta-10/plexus-i18n-1.0-beta-10.jar:/Users/dario.guardia/.m2/repository/org/apache/maven/shared/maven-dependency-analyzer/1.13.2/maven-dependency-analyzer-1.13.2.jar:/Users/dario.guardia/.m2/repository/org/apache/maven/maven-model/3.2.5/maven-model-3.2.5.jar:/Users/dario.guardia/.m2/repository/org/ow2/asm/asm/9.5/asm-9.5.jar:/Users/dario.guardia/.m2/repository/org/apache/maven/shared/maven-dependency-tree/3.2.1/maven-dependency-tree-3.2.1.jar:/Users/dario.guardia/.m2/repository/org/eclipse/aether/aether-util/1.0.0.v20140518/aether-util-1.0.0.v20140518.jar:/Users/dario.guardia/.m2/repository/org/apache/maven/shared/maven-common-artifact-filters/3.3.2/maven-common-artifact-filters-3.3.2.jar:/Users/dario.guardia/.m2/repository/org/apache/maven/shared/maven-artifact-transfer/0.13.1/maven-artifact-transfer-0.13.1.jar:/Users/dario.guardia/.m2/repository/org/codehaus/plexus/plexus-component-annotations/2.0.0/plexus-component-annotations-2.0.0.jar:/Users/dario.guardia/.m2/repository/org/apache/maven/shared/maven-shared-utils/3.3.4/maven-shared-utils-3.3.4.jar:/Users/dario.guardia/.m2/repository/org/apache/commons/commons-collections4/4.2/commons-collections4-4.2.jar:/Users/dario.guardia/.m2/repository/org/sonatype/plexus/plexus-build-api/0.0.7/plexus-build-api-0.0.7.jar:/Users/dario.guardia/.m2/repository/org/seleniumhq/selenium/selenium-java/4.5.0/selenium-java-4.5.0.jar:/Users/dario.guardia/.m2/repository/org/seleniumhq/selenium/selenium-api/4.5.0/selenium-api-4.5.0.jar:/Users/dario.guardia/.m2/repository/org/seleniumhq/selenium/selenium-chrome-driver/4.5.0/selenium-chrome-driver-4.5.0.jar:/Users/dario.guardia/.m2/repository/org/seleniumhq/selenium/selenium-chromium-driver/4.5.0/selenium-chromium-driver-4.5.0.jar:/Users/dario.guardia/.m2/repository/org/seleniumhq/selenium/selenium-devtools-v104/4.5.0/selenium-devtools-v104-4.5.0.jar:/Users/dario.guardia/.m2/repository/org/seleniumhq/selenium/selenium-devtools-v105/4.5.0/selenium-devtools-v105-4.5.0.jar:/Users/dario.guardia/.m2/repository/org/seleniumhq/selenium/selenium-devtools-v106/4.5.0/selenium-devtools-v106-4.5.0.jar:/Users/dario.guardia/.m2/repository/org/seleniumhq/selenium/selenium-devtools-v85/4.5.0/selenium-devtools-v85-4.5.0.jar:/Users/dario.guardia/.m2/repository/org/seleniumhq/selenium/selenium-edge-driver/4.5.0/selenium-edge-driver-4.5.0.jar:/Users/dario.guardia/.m2/repository/org/seleniumhq/selenium/selenium-firefox-driver/4.5.0/selenium-firefox-driver-4.5.0.jar:/Users/dario.guardia/.m2/repository/org/seleniumhq/selenium/selenium-ie-driver/4.5.0/selenium-ie-driver-4.5.0.jar:/Users/dario.guardia/.m2/repository/org/seleniumhq/selenium/selenium-remote-driver/4.5.0/selenium-remote-driver-4.5.0.jar:/Users/dario.guardia/.m2/repository/io/netty/netty-buffer/4.1.79.Final/netty-buffer-4.1.79.Final.jar:/Users/dario.guardia/.m2/repository/io/netty/netty-codec-http/4.1.79.Final/netty-codec-http-4.1.79.Final.jar:/Users/dario.guardia/.m2/repository/io/netty/netty-codec/4.1.79.Final/netty-codec-4.1.79.Final.jar:/Users/dario.guardia/.m2/repository/io/netty/netty-handler/4.1.79.Final/netty-handler-4.1.79.Final.jar:/Users/dario.guardia/.m2/repository/io/netty/netty-common/4.1.79.Final/netty-common-4.1.79.Final.jar:/Users/dario.guardia/.m2/repository/io/netty/netty-transport-classes-epoll/4.1.79.Final/netty-transport-classes-epoll-4.1.79.Final.jar:/Users/dario.guardia/.m2/repository/io/netty/netty-transport-classes-kqueue/4.1.79.Final/netty-transport-classes-kqueue-4.1.79.Final.jar:/Users/dario.guardia/.m2/repository/io/netty/netty-transport-native-epoll/4.1.79.Final/netty-transport-native-epoll-4.1.79.Final.jar:/Users/dario.guardia/.m2/repository/io/netty/netty-transport-native-kqueue/4.1.79.Final/netty-transport-native-kqueue-4.1.79.Final.jar:/Users/dario.guardia/.m2/repository/io/netty/netty-transport-native-unix-common/4.1.79.Final/netty-transport-native-unix-common-4.1.79.Final.jar:/Users/dario.guardia/.m2/repository/io/netty/netty-transport/4.1.79.Final/netty-transport-4.1.79.Final.jar:/Users/dario.guardia/.m2/repository/io/netty/netty-resolver/4.1.79.Final/netty-resolver-4.1.79.Final.jar:/Users/dario.guardia/.m2/repository/io/opentelemetry/opentelemetry-api/1.17.0/opentelemetry-api-1.17.0.jar:/Users/dario.guardia/.m2/repository/io/opentelemetry/opentelemetry-context/1.17.0/opentelemetry-context-1.17.0.jar:/Users/dario.guardia/.m2/repository/io/opentelemetry/opentelemetry-exporter-logging/1.17.0/opentelemetry-exporter-logging-1.17.0.jar:/Users/dario.guardia/.m2/repository/io/opentelemetry/opentelemetry-sdk-metrics/1.17.0/opentelemetry-sdk-metrics-1.17.0.jar:/Users/dario.guardia/.m2/repository/io/opentelemetry/opentelemetry-sdk-logs/1.17.0-alpha/opentelemetry-sdk-logs-1.17.0-alpha.jar:/Users/dario.guardia/.m2/repository/io/opentelemetry/opentelemetry-sdk-common/1.17.0/opentelemetry-sdk-common-1.17.0.jar:/Users/dario.guardia/.m2/repository/io/opentelemetry/opentelemetry-sdk-extension-autoconfigure-spi/1.17.0/opentelemetry-sdk-extension-autoconfigure-spi-1.17.0.jar:/Users/dario.guardia/.m2/repository/io/opentelemetry/opentelemetry-sdk-extension-autoconfigure/1.17.0-alpha/opentelemetry-sdk-extension-autoconfigure-1.17.0-alpha.jar:/Users/dario.guardia/.m2/repository/io/opentelemetry/opentelemetry-exporter-common/1.17.0/opentelemetry-exporter-common-1.17.0.jar:/Users/dario.guardia/.m2/repository/io/opentelemetry/opentelemetry-sdk-trace/1.17.0/opentelemetry-sdk-trace-1.17.0.jar:/Users/dario.guardia/.m2/repository/io/opentelemetry/opentelemetry-sdk/1.17.0/opentelemetry-sdk-1.17.0.jar:/Users/dario.guardia/.m2/repository/io/opentelemetry/opentelemetry-semconv/1.17.0-alpha/opentelemetry-semconv-1.17.0-alpha.jar:/Users/dario.guardia/.m2/repository/io/ous/jtoml/2.0.0/jtoml-2.0.0.jar:/Users/dario.guardia/.m2/repository/net/bytebuddy/byte-buddy/1.12.14/byte-buddy-1.12.14.jar:/Users/dario.guardia/.m2/repository/org/apache/commons/commons-exec/1.3/commons-exec-1.3.jar:/Users/dario.guardia/.m2/repository/org/asynchttpclient/async-http-client/2.12.3/async-http-client-2.12.3.jar:/Users/dario.guardia/.m2/repository/org/asynchttpclient/async-http-client-netty-utils/2.12.3/async-http-client-netty-utils-2.12.3.jar:/Users/dario.guardia/.m2/repository/io/netty/netty-codec-socks/4.1.60.Final/netty-codec-socks-4.1.60.Final.jar:/Users/dario.guardia/.m2/repository/io/netty/netty-handler-proxy/4.1.60.Final/netty-handler-proxy-4.1.60.Final.jar:/Users/dario.guardia/.m2/repository/io/netty/netty-transport-native-epoll/4.1.60.Final/netty-transport-native-epoll-4.1.60.Final-linux-x86_64.jar:/Users/dario.guardia/.m2/repository/io/netty/netty-transport-native-kqueue/4.1.60.Final/netty-transport-native-kqueue-4.1.60.Final-osx-x86_64.jar:/Users/dario.guardia/.m2/repository/org/reactivestreams/reactive-streams/1.0.3/reactive-streams-1.0.3.jar:/Users/dario.guardia/.m2/repository/com/typesafe/netty/netty-reactive-streams/2.0.4/netty-reactive-streams-2.0.4.jar:/Users/dario.guardia/.m2/repository/com/sun/activation/jakarta.activation/1.2.2/jakarta.activation-1.2.2.jar:/Users/dario.guardia/.m2/repository/org/seleniumhq/selenium/selenium-safari-driver/4.5.0/selenium-safari-driver-4.5.0.jar:/Users/dario.guardia/.m2/repository/org/seleniumhq/selenium/selenium-support/4.5.0/selenium-support-4.5.0.jar:/Users/dario.guardia/.m2/repository/org/seleniumhq/selenium/selenium-http-jdk-client/4.5.0/selenium-http-jdk-client-4.5.0.jar:/Users/dario.guardia/.m2/repository/com/google/auto/service/auto-service-annotations/1.0.1/auto-service-annotations-1.0.1.jar:/Users/dario.guardia/.m2/repository/com/google/auto/service/auto-service/1.0.1/auto-service-1.0.1.jar:/Users/dario.guardia/.m2/repository/com/google/auto/auto-common/1.2/auto-common-1.2.jar:/Users/dario.guardia/.m2/repository/org/seleniumhq/selenium/selenium-http/4.5.0/selenium-http-4.5.0.jar:/Users/dario.guardia/.m2/repository/dev/failsafe/failsafe/3.2.4/failsafe-3.2.4.jar:/Users/dario.guardia/.m2/repository/org/seleniumhq/selenium/selenium-devtools-v112/4.9.0/selenium-devtools-v112-4.9.0.jar:/Users/dario.guardia/.m2/repository/com/google/guava/guava/31.1-jre/guava-31.1-jre.jar:/Users/dario.guardia/.m2/repository/com/google/guava/failureaccess/1.0.1/failureaccess-1.0.1.jar:/Users/dario.guardia/.m2/repository/com/google/guava/listenablefuture/9999.0-empty-to-avoid-conflict-with-guava/listenablefuture-9999.0-empty-to-avoid-conflict-with-guava.jar:/Users/dario.guardia/.m2/repository/com/google/code/findbugs/jsr305/3.0.2/jsr305-3.0.2.jar:/Users/dario.guardia/.m2/repository/org/checkerframework/checker-qual/3.12.0/checker-qual-3.12.0.jar:/Users/dario.guardia/.m2/repository/com/google/errorprone/error_prone_annotations/2.11.0/error_prone_annotations-2.11.0.jar:/Users/dario.guardia/.m2/repository/com/google/j2objc/j2objc-annotations/1.3/j2objc-annotations-1.3.jar:/Users/dario.guardia/.m2/repository/org/seleniumhq/selenium/selenium-json/4.9.0/selenium-json-4.9.0.jar:"/>
    <property name="sun.cpu.endian" value="little"/>
    <property name="user.home" value="/Users/dario.guardia"/>
    <property name="user.language" value="es"/>
    <property name="java.specification.vendor" value="Oracle Corporation"/>
    <property name="java.version.date" value="2023-04-18"/>
    <property name="java.home" value="/Library/Java/JavaVirtualMachines/jdk-20.jdk/Contents/Home"/>
    <property name="file.separator" value="/"/>
    <property name="basedir" value="/Users/dario.guardia/Documents/repos/demo"/>
    <property name="java.vm.compressedOopsMode" value="Zero based"/>
    <property name="line.separator" value="&#10;"/>
    <property name="java.vm.specification.vendor" value="Oracle Corporation"/>
    <property name="java.specification.name" value="Java Platform API Specification"/>
    <property name="apple.awt.application.name" value="ForkedBooter"/>
    <property name="surefire.real.class.path" value="/Users/dario.guardia/Documents/repos/demo/target/surefire/surefirebooter-20230630161207865_3.jar"/>
    <property name="sun.management.compiler" value="HotSpot 64-Bit Tiered Compilers"/>
    <property name="ftp.nonProxyHosts" value="local|*.local|169.254/16|*.169.254/16"/>
    <property name="java.runtime.version" value="20.0.1+9-29"/>
    <property name="user.name" value="dario.guardia"/>
    <property name="stdout.encoding" value="UTF-8"/>
    <property name="path.separator" value=":"/>
    <property name="os.version" value="13.4.1"/>
    <property name="java.runtime.name" value="Java(TM) SE Runtime Environment"/>
    <property name="file.encoding" value="UTF-8"/>
    <property name="java.vm.name" value="Java HotSpot(TM) 64-Bit Server VM"/>
    <property name="localRepository" value="/Users/dario.guardia/.m2/repository"/>
    <property name="java.vendor.url.bug" value="https://bugreport.java.com/bugreport/"/>
    <property name="java.io.tmpdir" value="/var/folders/gv/n79tv5gs259c_gcx5kbr18lc0000gp/T/"/>
    <property name="java.version" value="20.0.1"/>
    <property name="user.dir" value="/Users/dario.guardia/Documents/repos/demo"/>
    <property name="os.arch" value="aarch64"/>
    <property name="java.vm.specification.name" value="Java Virtual Machine Specification"/>
    <property name="native.encoding" value="UTF-8"/>
    <property name="java.library.path" value="/Users/dario.guardia/Library/Java/Extensions:/Library/Java/Extensions:/Network/Library/Java/Extensions:/System/Library/Java/Extensions:/usr/lib/java:."/>
    <property name="java.vm.info" value="mixed mode, sharing"/>
    <property name="stderr.encoding" value="UTF-8"/>
    <property name="java.vendor" value="Oracle Corporation"/>
    <property name="java.vm.version" value="20.0.1+9-29"/>
    <property name="sun.io.unicode.encoding" value="UnicodeBig"/>
    <property name="socksNonProxyHosts" value="local|*.local|169.254/16|*.169.254/16"/>
    <property name="java.class.version" value="64.0"/>
  </properties>
  <testcase name="testApp" classname="com.example.BaseTest" time="6.087">
    <system-out><![CDATA[TEST 1
TEST 3
]]></system-out>
    <system-err><![CDATA[SLF4J: No SLF4J providers were found.
SLF4J: Defaulting to no-operation (NOP) logger implementation
SLF4J: See https://www.slf4j.org/codes.html#noProviders for further details.
StartingS ChromeDrtartiing ChrvomeeDriverr 114 .0.51735.901 (386bc049e.80f.45f723e50.2950e d(d3a8e61bc2039fe386ff46f22e60320596eaded4a9e-1r2e3ffs3/b6rfa6n2c6h3-0h9e6aades4/95-7r3e5f@s{/#b1r0a5n2c}h)- hoena dpso/r5t7 3557@4{9#61
0O5n2l}y)  loonc aplo rcto n6n5e1c8t0i
Oonnlsy  alroec aall locwoendn.e
cPtlieoansse  asreee  ahlltotwpesd:./
/Pclheraosmee dserei vhetrt.pcsh:r/o/mchriomeudrmi.voerrg.chromium.o/rgs/escecuurriittyy--cconsideroatnisoindse forr astuionsg fgoers tsiugogness toino nkse epoinn kgee piCnhgro mCehDrroimveerD sarfiev.e
r sCahfreo.m
eDCrhirvoemreDriv erw awsa ss tsarttaerdt esdu csuccecsessfully.
sfully.
jun 30, 2023 4:12:09 P. M. org.openqa.selenium.remote.ProtocolHandshake createSession
INFO: Detected upstream dialect: W3C
jun 30, 2023 4:12:09 P. M. org.openqa.selenium.remote.ProtocolHandshake createSession
INFO: Detected upstream dialect: W3C
jun 30, 2023 4:12:09 P. M. org.openqa.selenium.devtools.CdpVersionFinder findNearestMatch
WARNING: Unable to find an exact match for CDP version 114, so returning the closest version found: 112
jun 30, 2023 4:12:09 P. M. org.openqa.selenium.devtools.CdpVersionFinder findNearestMatch
WARNING: Unable to find an exact match for CDP version 114, so returning the closest version found: 112
jun 30, 2023 4:12:09 P. M. org.openqa.selenium.devtools.CdpVersionFinder findNearestMatch
INFO: Found CDP implementation for version 114 of 112
jun 30, 2023 4:12:09 P. M. org.openqa.selenium.devtools.CdpVersionFinder findNearestMatch
INFO: Found CDP implementation for version 114 of 112
]]></system-err>
  </testcase>
  <testcase name="testApp2" classname="com.example.BaseTest" time="0.06">
    <system-out><![CDATA[TEST 2
URL EXTRAIDA DE JENKINS: 
]]></system-out>
    <system-err><![CDATA[Starting ChromeDriver 114.0.5735.90 (386bc09e8f4f2e025eddae123f36f6263096ae49-refs/branch-heads/5735@{#1052}) on port 52005
Only local connections are allowed.
Please see https://chromedriver.chromium.org/security-considerations for suggestions on keeping ChromeDriver safe.
ChromeDriver was started successfully.
]]></system-err>
  </testcase>
  <testcase name="testApp2[](1)" classname="com.example.BaseTest" time="0.746">
    <failure message="invalid argument&#10;  (Session info: chrome=114.0.5735.198)&#10;Build info: version: &apos;4.5.0&apos;, revision: &apos;fe167b119a&apos;&#10;System info: os.name: &apos;Mac OS X&apos;, os.arch: &apos;aarch64&apos;, os.version: &apos;13.4.1&apos;, java.version: &apos;20.0.1&apos;&#10;Driver info: org.openqa.selenium.chrome.ChromeDriver&#10;Command: [62b4e4b4e602b8e4566e936024772f5a, get {url=}]&#10;Capabilities {acceptInsecureCerts: false, browserName: chrome, browserVersion: 114.0.5735.198, chrome: {chromedriverVersion: 114.0.5735.90 (386bc09e8f4f..., userDataDir: /var/folders/gv/n79tv5gs259...}, goog:chromeOptions: {debuggerAddress: localhost:61580}, networkConnectionEnabled: false, pageLoadStrategy: normal, platformName: MAC, proxy: Proxy(), se:cdp: ws://localhost:61580/devtoo..., se:cdpVersion: 114.0.5735.198, setWindowRect: true, strictFileInteractability: false, timeouts: {implicit: 0, pageLoad: 300000, script: 30000}, unhandledPromptBehavior: dismiss and notify, webauthn:extension:credBlob: true, webauthn:extension:largeBlob: true, webauthn:extension:minPinLength: true, webauthn:extension:prf: true, webauthn:virtualAuthenticators: true}&#10;Session ID: 62b4e4b4e602b8e4566e936024772f5a" type="org.openqa.selenium.InvalidArgumentException"><![CDATA[org.openqa.selenium.InvalidArgumentException: 
invalid argument
  (Session info: chrome=114.0.5735.198)
Build info: version: '4.5.0', revision: 'fe167b119a'
System info: os.name: 'Mac OS X', os.arch: 'aarch64', os.version: '13.4.1', java.version: '20.0.1'
Driver info: org.openqa.selenium.chrome.ChromeDriver
Command: [62b4e4b4e602b8e4566e936024772f5a, get {url=}]
Capabilities {acceptInsecureCerts: false, browserName: chrome, browserVersion: 114.0.5735.198, chrome: {chromedriverVersion: 114.0.5735.90 (386bc09e8f4f..., userDataDir: /var/folders/gv/n79tv5gs259...}, goog:chromeOptions: {debuggerAddress: localhost:61580}, networkConnectionEnabled: false, pageLoadStrategy: normal, platformName: MAC, proxy: Proxy(), se:cdp: ws://localhost:61580/devtoo..., se:cdpVersion: 114.0.5735.198, setWindowRect: true, strictFileInteractability: false, timeouts: {implicit: 0, pageLoad: 300000, script: 30000}, unhandledPromptBehavior: dismiss and notify, webauthn:extension:credBlob: true, webauthn:extension:largeBlob: true, webauthn:extension:minPinLength: true, webauthn:extension:prf: true, webauthn:virtualAuthenticators: true}
Session ID: 62b4e4b4e602b8e4566e936024772f5a
	at java.base/jdk.internal.reflect.DirectConstructorHandleAccessor.newInstance(DirectConstructorHandleAccessor.java:67)
	at java.base/java.lang.reflect.Constructor.newInstanceWithCaller(Constructor.java:500)
	at java.base/java.lang.reflect.Constructor.newInstance(Constructor.java:484)
	at org.openqa.selenium.remote.codec.w3c.W3CHttpResponseCodec.createException(W3CHttpResponseCodec.java:200)
	at org.openqa.selenium.remote.codec.w3c.W3CHttpResponseCodec.decode(W3CHttpResponseCodec.java:133)
	at org.openqa.selenium.remote.codec.w3c.W3CHttpResponseCodec.decode(W3CHttpResponseCodec.java:53)
	at org.openqa.selenium.remote.HttpCommandExecutor.execute(HttpCommandExecutor.java:184)
	at org.openqa.selenium.remote.service.DriverCommandExecutor.invokeExecute(DriverCommandExecutor.java:167)
	at org.openqa.selenium.remote.service.DriverCommandExecutor.execute(DriverCommandExecutor.java:142)
	at org.openqa.selenium.remote.RemoteWebDriver.execute(RemoteWebDriver.java:547)
	at org.openqa.selenium.remote.RemoteWebDriver.get(RemoteWebDriver.java:310)
	at com.example.BaseTest.testApp2(BaseTest.java:26)
	at java.base/jdk.internal.reflect.DirectMethodHandleAccessor.invoke(DirectMethodHandleAccessor.java:104)
	at java.base/java.lang.reflect.Method.invoke(Method.java:578)
	at org.testng.internal.invokers.MethodInvocationHelper.invokeMethod(MethodInvocationHelper.java:139)
	at org.testng.internal.invokers.TestInvoker.invokeMethod(TestInvoker.java:677)
	at org.testng.internal.invokers.TestInvoker.invokeTestMethod(TestInvoker.java:221)
	at org.testng.internal.invokers.MethodRunner.runInSequence(MethodRunner.java:50)
	at org.testng.internal.invokers.TestInvoker$MethodInvocationAgent.invoke(TestInvoker.java:969)
	at org.testng.internal.invokers.TestInvoker.invokeTestMethods(TestInvoker.java:194)
	at org.testng.internal.invokers.TestMethodWorker.invokeTestMethods(TestMethodWorker.java:148)
	at org.testng.internal.invokers.TestMethodWorker.run(TestMethodWorker.java:128)
	at java.base/java.util.concurrent.ThreadPoolExecutor.runWorker(ThreadPoolExecutor.java:1144)
	at java.base/java.util.concurrent.ThreadPoolExecutor$Worker.run(ThreadPoolExecutor.java:642)
	at java.base/java.lang.Thread.run(Thread.java:1623)
]]></failure>
    <system-err><![CDATA[jun 30, 2023 4:12:14 P. M. org.openqa.selenium.remote.ProtocolHandshake createSession
INFO: Detected upstream dialect: W3C
jun 30, 2023 4:12:14 P. M. org.openqa.selenium.devtools.CdpVersionFinder findNearestMatch
WARNING: Unable to find an exact match for CDP version 114, so returning the closest version found: 112
jun 30, 2023 4:12:14 P. M. org.openqa.selenium.devtools.CdpVersionFinder findNearestMatch
INFO: Found CDP implementation for version 114 of 112
]]></system-err>
  </testcase>
</testsuite>