<?xml version="1.0" encoding="UTF-8"?>
<!-- Generated by org.testng.reporters.JUnitReportReporter -->
<testsuite hostname="ip-192-168-0-102.sa-east-1.compute.internal" failures="0" tests="1" name="com.example.AppTest" time="5.848" errors="0" timestamp="2023-06-29T17:02:35 ART" skipped="0">
  <testcase classname="com.example.AppTest" name="testApp" time="5.848"/>
  <system-out/>
</testsuite> <!-- com.example.AppTest -->
